/Users/stepanivanov/Library/Python/3.9/lib/python/site-packages/urllib3/__init__.py:35: NotOpenSSLWarning: urllib3 v2 only supports OpenSSL 1.1.1+, currently the 'ssl' module is compiled with 'LibreSSL 2.8.3'. See: https://github.com/urllib3/urllib3/issues/3020
  warnings.warn(
ERROR: Loading module scapy.layers.ipsec
Traceback (most recent call last):
  File "/Users/stepanivanov/Library/Python/3.9/lib/python/site-packages/scapy/main.py", line 260, in _load
    mod = importlib.import_module(module)
  File "/Library/Developer/CommandLineTools/Library/Frameworks/Python3.framework/Versions/3.9/lib/python3.9/importlib/__init__.py", line 127, in import_module
    return _bootstrap._gcd_import(name[level:], package, level)
  File "<frozen importlib._bootstrap>", line 1030, in _gcd_import
  File "<frozen importlib._bootstrap>", line 1007, in _find_and_load
  File "<frozen importlib._bootstrap>", line 986, in _find_and_load_unlocked
  File "<frozen importlib._bootstrap>", line 680, in _load_unlocked
  File "<frozen importlib._bootstrap_external>", line 850, in exec_module
  File "<frozen importlib._bootstrap>", line 228, in _call_with_frames_removed
  File "/Users/stepanivanov/Library/Python/3.9/lib/python/site-packages/scapy/layers/ipsec.py", line 205, in <module>
    from cryptography.hazmat.primitives.ciphers import (
  File "/Users/stepanivanov/Library/Python/3.9/lib/python/site-packages/cryptography/hazmat/primitives/ciphers/aead.py", line 10, in <module>
    from cryptography.hazmat.backends.openssl import aead
  File "/Users/stepanivanov/Library/Python/3.9/lib/python/site-packages/cryptography/hazmat/backends/openssl/__init__.py", line 6, in <module>
    from cryptography.hazmat.backends.openssl.backend import backend
  File "/Users/stepanivanov/Library/Python/3.9/lib/python/site-packages/cryptography/hazmat/backends/openssl/backend.py", line 113, in <module>
    from cryptography.hazmat.bindings.openssl import binding
  File "/Users/stepanivanov/Library/Python/3.9/lib/python/site-packages/cryptography/hazmat/bindings/openssl/binding.py", line 14, in <module>
    from cryptography.hazmat.bindings._openssl import ffi, lib
ImportError: dlopen(/Users/stepanivanov/Library/Python/3.9/lib/python/site-packages/cryptography/hazmat/bindings/_openssl.abi3.so, 0x0002): tried: '/Users/stepanivanov/Library/Python/3.9/lib/python/site-packages/cryptography/hazmat/bindings/_openssl.abi3.so' (mach-o file, but is an incompatible architecture (have 'arm64', need 'x86_64')), '/System/Volumes/Preboot/Cryptexes/OS/Users/stepanivanov/Library/Python/3.9/lib/python/site-packages/cryptography/hazmat/bindings/_openssl.abi3.so' (no such file), '/Users/stepanivanov/Library/Python/3.9/lib/python/site-packages/cryptography/hazmat/bindings/_openssl.abi3.so' (mach-o file, but is an incompatible architecture (have 'arm64', need 'x86_64'))
ERROR: Loading module scapy.layers.isakmp
Traceback (most recent call last):
  File "/Users/stepanivanov/Library/Python/3.9/lib/python/site-packages/scapy/main.py", line 260, in _load
    mod = importlib.import_module(module)
  File "/Library/Developer/CommandLineTools/Library/Frameworks/Python3.framework/Versions/3.9/lib/python3.9/importlib/__init__.py", line 127, in import_module
    return _bootstrap._gcd_import(name[level:], package, level)
  File "<frozen importlib._bootstrap>", line 1030, in _gcd_import
  File "<frozen importlib._bootstrap>", line 1007, in _find_and_load
  File "<frozen importlib._bootstrap>", line 986, in _find_and_load_unlocked
  File "<frozen importlib._bootstrap>", line 680, in _load_unlocked
  File "<frozen importlib._bootstrap_external>", line 850, in exec_module
  File "<frozen importlib._bootstrap>", line 228, in _call_with_frames_removed
  File "/Users/stepanivanov/Library/Python/3.9/lib/python/site-packages/scapy/layers/isakmp.py", line 36, in <module>
    from scapy.layers.ipsec import NON_ESP
  File "/Users/stepanivanov/Library/Python/3.9/lib/python/site-packages/scapy/layers/ipsec.py", line 205, in <module>
    from cryptography.hazmat.primitives.ciphers import (
  File "/Users/stepanivanov/Library/Python/3.9/lib/python/site-packages/cryptography/hazmat/primitives/ciphers/aead.py", line 10, in <module>
    from cryptography.hazmat.backends.openssl import aead
  File "/Users/stepanivanov/Library/Python/3.9/lib/python/site-packages/cryptography/hazmat/backends/openssl/__init__.py", line 6, in <module>
    from cryptography.hazmat.backends.openssl.backend import backend
  File "/Users/stepanivanov/Library/Python/3.9/lib/python/site-packages/cryptography/hazmat/backends/openssl/backend.py", line 113, in <module>
    from cryptography.hazmat.bindings.openssl import binding
  File "/Users/stepanivanov/Library/Python/3.9/lib/python/site-packages/cryptography/hazmat/bindings/openssl/binding.py", line 14, in <module>
    from cryptography.hazmat.bindings._openssl import ffi, lib
ImportError: dlopen(/Users/stepanivanov/Library/Python/3.9/lib/python/site-packages/cryptography/hazmat/bindings/_openssl.abi3.so, 0x0002): tried: '/Users/stepanivanov/Library/Python/3.9/lib/python/site-packages/cryptography/hazmat/bindings/_openssl.abi3.so' (mach-o file, but is an incompatible architecture (have 'arm64', need 'x86_64')), '/System/Volumes/Preboot/Cryptexes/OS/Users/stepanivanov/Library/Python/3.9/lib/python/site-packages/cryptography/hazmat/bindings/_openssl.abi3.so' (no such file), '/Users/stepanivanov/Library/Python/3.9/lib/python/site-packages/cryptography/hazmat/bindings/_openssl.abi3.so' (mach-o file, but is an incompatible architecture (have 'arm64', need 'x86_64'))

    \033[96m
    ███╗   ██╗███████╗████████╗    ██╗   ██╗██╗███████╗
    ████╗  ██║██╔════╝╚══██╔══╝    ██║   ██║██║██╔════╝
    ██╔██╗ ██║█████╗     ██║       ██║   ██║██║███████╗
    ██║╚██╗██║██╔══╝     ██║       ╚██╗ ██╔╝██║╚════██║
    ██║ ╚████║███████╗   ██║        ╚████╔╝ ██║███████║
    ╚═╝  ╚═══╝╚══════╝   ╚═╝         ╚═══╝  ╚═╝╚══════╝
    \033[0m
    \033[90m>> GHOST_MAP_PROTOCOL_INITIATED...\033[0m
    \033[90m>> SYSTEM_STATUS: \033[92mONLINE\033[0m
    
    \033[1m>> ACCESS_TERMINAL: \033[96mhttp://10.8.0.8:5001\033[0m
    
 * Serving Flask app 'app'
 * Debug mode: off
